C:\USERS\JOO\DESKTOP\3학년2학기\컴퓨터그래픽스실습\PJH_CG_HW\DEBUG\PJH_HW06_01.EXE
C:\USERS\JOO\DESKTOP\3학년2학기\컴퓨터그래픽스실습\PJH_CG_HW\DEBUG\PJH_HW06_01.ILK
C:\USERS\JOO\DESKTOP\3학년2학기\컴퓨터그래픽스실습\PJH_CG_HW\DEBUG\PJH_HW06_01.PDB
C:\Users\JOO\Desktop\3학년2학기\컴퓨터그래픽스실습\PJH_CG_HW\PJH_HW06_01\Debug\cl.command.1.tlog
C:\Users\JOO\Desktop\3학년2학기\컴퓨터그래픽스실습\PJH_CG_HW\PJH_HW06_01\Debug\CL.read.1.tlog
C:\Users\JOO\Desktop\3학년2학기\컴퓨터그래픽스실습\PJH_CG_HW\PJH_HW06_01\Debug\CL.write.1.tlog
C:\Users\JOO\Desktop\3학년2학기\컴퓨터그래픽스실습\PJH_CG_HW\PJH_HW06_01\Debug\link.11172.read.1.tlog
C:\Users\JOO\Desktop\3학년2학기\컴퓨터그래픽스실습\PJH_CG_HW\PJH_HW06_01\Debug\link.11172.write.1.tlog
C:\Users\JOO\Desktop\3학년2학기\컴퓨터그래픽스실습\PJH_CG_HW\PJH_HW06_01\Debug\link.11172-cvtres.read.1.tlog
C:\Users\JOO\Desktop\3학년2학기\컴퓨터그래픽스실습\PJH_CG_HW\PJH_HW06_01\Debug\link.11172-cvtres.write.1.tlog
C:\Users\JOO\Desktop\3학년2학기\컴퓨터그래픽스실습\PJH_CG_HW\PJH_HW06_01\Debug\link.command.1.tlog
C:\Users\JOO\Desktop\3학년2학기\컴퓨터그래픽스실습\PJH_CG_HW\PJH_HW06_01\Debug\link.read.1.tlog
C:\Users\JOO\Desktop\3학년2학기\컴퓨터그래픽스실습\PJH_CG_HW\PJH_HW06_01\Debug\link.write.1.tlog
C:\Users\JOO\Desktop\3학년2학기\컴퓨터그래픽스실습\PJH_CG_HW\PJH_HW06_01\Debug\link-cvtres.read.1.tlog
C:\Users\JOO\Desktop\3학년2학기\컴퓨터그래픽스실습\PJH_CG_HW\PJH_HW06_01\Debug\link-cvtres.write.1.tlog
C:\Users\JOO\Desktop\3학년2학기\컴퓨터그래픽스실습\PJH_CG_HW\PJH_HW06_01\Debug\mt.command.1.tlog
C:\Users\JOO\Desktop\3학년2학기\컴퓨터그래픽스실습\PJH_CG_HW\PJH_HW06_01\Debug\mt.read.1.tlog
C:\Users\JOO\Desktop\3학년2학기\컴퓨터그래픽스실습\PJH_CG_HW\PJH_HW06_01\Debug\mt.write.1.tlog
C:\USERS\JOO\DESKTOP\3학년2학기\컴퓨터그래픽스실습\PJH_CG_HW\PJH_HW06_01\DEBUG\PJH_HW06_01.EXE.EMBED.MANIFEST
C:\USERS\JOO\DESKTOP\3학년2학기\컴퓨터그래픽스실습\PJH_CG_HW\PJH_HW06_01\DEBUG\PJH_HW06_01.EXE.EMBED.MANIFEST.RES
C:\USERS\JOO\DESKTOP\3학년2학기\컴퓨터그래픽스실습\PJH_CG_HW\PJH_HW06_01\DEBUG\PJH_HW06_01.EXE.INTERMEDIATE.MANIFEST
C:\Users\JOO\Desktop\3학년2학기\컴퓨터그래픽스실습\PJH_CG_HW\PJH_HW06_01\Debug\PJH_HW06_01.vcxprojResolveAssemblyReference.cache
C:\Users\JOO\Desktop\3학년2학기\컴퓨터그래픽스실습\PJH_CG_HW\PJH_HW06_01\Debug\PJH_HW06_01.write.1.tlog
C:\Users\JOO\Desktop\3학년2학기\컴퓨터그래픽스실습\PJH_CG_HW\PJH_HW06_01\Debug\PJH_HW06_01_manifest.rc
C:\USERS\JOO\DESKTOP\3학년2학기\컴퓨터그래픽스실습\PJH_CG_HW\PJH_HW06_01\DEBUG\PJH_NUM01.OBJ
C:\Users\JOO\Desktop\3학년2학기\컴퓨터그래픽스실습\PJH_CG_HW\PJH_HW06_01\Debug\rc.command.1.tlog
C:\Users\JOO\Desktop\3학년2학기\컴퓨터그래픽스실습\PJH_CG_HW\PJH_HW06_01\Debug\rc.read.1.tlog
C:\Users\JOO\Desktop\3학년2학기\컴퓨터그래픽스실습\PJH_CG_HW\PJH_HW06_01\Debug\rc.write.1.tlog
C:\Users\JOO\Desktop\3학년2학기\컴퓨터그래픽스실습\PJH_CG_HW\PJH_HW06_01\Debug\vc100.idb
C:\USERS\JOO\DESKTOP\3학년2학기\컴퓨터그래픽스실습\PJH_CG_HW\PJH_HW06_01\DEBUG\VC100.PDB
