C:\USERS\JOO\DESKTOP\3학년2학기\컴퓨터그래픽스실습\PJH_CG_HW\DEBUG\PJH_HW03.EXE
C:\USERS\JOO\DESKTOP\3학년2학기\컴퓨터그래픽스실습\PJH_CG_HW\DEBUG\PJH_HW03.ILK
C:\USERS\JOO\DESKTOP\3학년2학기\컴퓨터그래픽스실습\PJH_CG_HW\DEBUG\PJH_HW03.PDB
C:\Users\JOO\Desktop\3학년2학기\컴퓨터그래픽스실습\PJH_CG_HW\PJH_HW03\Debug\cl.command.1.tlog
C:\Users\JOO\Desktop\3학년2학기\컴퓨터그래픽스실습\PJH_CG_HW\PJH_HW03\Debug\CL.read.1.tlog
C:\Users\JOO\Desktop\3학년2학기\컴퓨터그래픽스실습\PJH_CG_HW\PJH_HW03\Debug\CL.write.1.tlog
C:\Users\JOO\Desktop\3학년2학기\컴퓨터그래픽스실습\PJH_CG_HW\PJH_HW03\Debug\link.10196.read.1.tlog
C:\Users\JOO\Desktop\3학년2학기\컴퓨터그래픽스실습\PJH_CG_HW\PJH_HW03\Debug\link.10196.write.1.tlog
C:\Users\JOO\Desktop\3학년2학기\컴퓨터그래픽스실습\PJH_CG_HW\PJH_HW03\Debug\link.10196-cvtres.read.1.tlog
C:\Users\JOO\Desktop\3학년2학기\컴퓨터그래픽스실습\PJH_CG_HW\PJH_HW03\Debug\link.10196-cvtres.write.1.tlog
C:\Users\JOO\Desktop\3학년2학기\컴퓨터그래픽스실습\PJH_CG_HW\PJH_HW03\Debug\link.command.1.tlog
C:\Users\JOO\Desktop\3학년2학기\컴퓨터그래픽스실습\PJH_CG_HW\PJH_HW03\Debug\link.read.1.tlog
C:\Users\JOO\Desktop\3학년2학기\컴퓨터그래픽스실습\PJH_CG_HW\PJH_HW03\Debug\link.write.1.tlog
C:\Users\JOO\Desktop\3학년2학기\컴퓨터그래픽스실습\PJH_CG_HW\PJH_HW03\Debug\link-cvtres.read.1.tlog
C:\Users\JOO\Desktop\3학년2학기\컴퓨터그래픽스실습\PJH_CG_HW\PJH_HW03\Debug\link-cvtres.write.1.tlog
C:\Users\JOO\Desktop\3학년2학기\컴퓨터그래픽스실습\PJH_CG_HW\PJH_HW03\Debug\mt.command.1.tlog
C:\Users\JOO\Desktop\3학년2학기\컴퓨터그래픽스실습\PJH_CG_HW\PJH_HW03\Debug\mt.read.1.tlog
C:\Users\JOO\Desktop\3학년2학기\컴퓨터그래픽스실습\PJH_CG_HW\PJH_HW03\Debug\mt.write.1.tlog
C:\USERS\JOO\DESKTOP\3학년2학기\컴퓨터그래픽스실습\PJH_CG_HW\PJH_HW03\DEBUG\PJH_HW03.EXE.EMBED.MANIFEST
C:\USERS\JOO\DESKTOP\3학년2학기\컴퓨터그래픽스실습\PJH_CG_HW\PJH_HW03\DEBUG\PJH_HW03.EXE.EMBED.MANIFEST.RES
C:\USERS\JOO\DESKTOP\3학년2학기\컴퓨터그래픽스실습\PJH_CG_HW\PJH_HW03\DEBUG\PJH_HW03.EXE.INTERMEDIATE.MANIFEST
C:\Users\JOO\Desktop\3학년2학기\컴퓨터그래픽스실습\PJH_CG_HW\PJH_HW03\Debug\PJH_HW03.vcxprojResolveAssemblyReference.cache
C:\Users\JOO\Desktop\3학년2학기\컴퓨터그래픽스실습\PJH_CG_HW\PJH_HW03\Debug\PJH_HW03.write.1.tlog
C:\Users\JOO\Desktop\3학년2학기\컴퓨터그래픽스실습\PJH_CG_HW\PJH_HW03\Debug\PJH_HW03_manifest.rc
C:\USERS\JOO\DESKTOP\3학년2학기\컴퓨터그래픽스실습\PJH_CG_HW\PJH_HW03\DEBUG\PJH_NUM01.OBJ
C:\Users\JOO\Desktop\3학년2학기\컴퓨터그래픽스실습\PJH_CG_HW\PJH_HW03\Debug\rc.command.1.tlog
C:\Users\JOO\Desktop\3학년2학기\컴퓨터그래픽스실습\PJH_CG_HW\PJH_HW03\Debug\rc.read.1.tlog
C:\Users\JOO\Desktop\3학년2학기\컴퓨터그래픽스실습\PJH_CG_HW\PJH_HW03\Debug\rc.write.1.tlog
C:\Users\JOO\Desktop\3학년2학기\컴퓨터그래픽스실습\PJH_CG_HW\PJH_HW03\Debug\vc100.idb
C:\USERS\JOO\DESKTOP\3학년2학기\컴퓨터그래픽스실습\PJH_CG_HW\PJH_HW03\DEBUG\VC100.PDB
