C:\USERS\JOO\DESKTOP\3학년2학기\컴퓨터그래픽스실습\PJH_CG_HW\DEBUG\PJH_HW06_02.EXE
C:\USERS\JOO\DESKTOP\3학년2학기\컴퓨터그래픽스실습\PJH_CG_HW\DEBUG\PJH_HW06_02.ILK
C:\USERS\JOO\DESKTOP\3학년2학기\컴퓨터그래픽스실습\PJH_CG_HW\DEBUG\PJH_HW06_02.PDB
C:\Users\JOO\Desktop\3학년2학기\컴퓨터그래픽스실습\PJH_CG_HW\PJH_HW06_02\Debug\cl.command.1.tlog
C:\Users\JOO\Desktop\3학년2학기\컴퓨터그래픽스실습\PJH_CG_HW\PJH_HW06_02\Debug\CL.read.1.tlog
C:\Users\JOO\Desktop\3학년2학기\컴퓨터그래픽스실습\PJH_CG_HW\PJH_HW06_02\Debug\CL.write.1.tlog
C:\Users\JOO\Desktop\3학년2학기\컴퓨터그래픽스실습\PJH_CG_HW\PJH_HW06_02\Debug\link.13224.read.1.tlog
C:\Users\JOO\Desktop\3학년2학기\컴퓨터그래픽스실습\PJH_CG_HW\PJH_HW06_02\Debug\link.13224.write.1.tlog
C:\Users\JOO\Desktop\3학년2학기\컴퓨터그래픽스실습\PJH_CG_HW\PJH_HW06_02\Debug\link.13224-cvtres.read.1.tlog
C:\Users\JOO\Desktop\3학년2학기\컴퓨터그래픽스실습\PJH_CG_HW\PJH_HW06_02\Debug\link.13224-cvtres.write.1.tlog
C:\Users\JOO\Desktop\3학년2학기\컴퓨터그래픽스실습\PJH_CG_HW\PJH_HW06_02\Debug\link.command.1.tlog
C:\Users\JOO\Desktop\3학년2학기\컴퓨터그래픽스실습\PJH_CG_HW\PJH_HW06_02\Debug\link.read.1.tlog
C:\Users\JOO\Desktop\3학년2학기\컴퓨터그래픽스실습\PJH_CG_HW\PJH_HW06_02\Debug\link.write.1.tlog
C:\Users\JOO\Desktop\3학년2학기\컴퓨터그래픽스실습\PJH_CG_HW\PJH_HW06_02\Debug\link-cvtres.read.1.tlog
C:\Users\JOO\Desktop\3학년2학기\컴퓨터그래픽스실습\PJH_CG_HW\PJH_HW06_02\Debug\link-cvtres.write.1.tlog
C:\Users\JOO\Desktop\3학년2학기\컴퓨터그래픽스실습\PJH_CG_HW\PJH_HW06_02\Debug\mt.command.1.tlog
C:\Users\JOO\Desktop\3학년2학기\컴퓨터그래픽스실습\PJH_CG_HW\PJH_HW06_02\Debug\mt.read.1.tlog
C:\Users\JOO\Desktop\3학년2학기\컴퓨터그래픽스실습\PJH_CG_HW\PJH_HW06_02\Debug\mt.write.1.tlog
C:\USERS\JOO\DESKTOP\3학년2학기\컴퓨터그래픽스실습\PJH_CG_HW\PJH_HW06_02\DEBUG\PJH_HW06_02.EXE.EMBED.MANIFEST
C:\USERS\JOO\DESKTOP\3학년2학기\컴퓨터그래픽스실습\PJH_CG_HW\PJH_HW06_02\DEBUG\PJH_HW06_02.EXE.EMBED.MANIFEST.RES
C:\USERS\JOO\DESKTOP\3학년2학기\컴퓨터그래픽스실습\PJH_CG_HW\PJH_HW06_02\DEBUG\PJH_HW06_02.EXE.INTERMEDIATE.MANIFEST
C:\Users\JOO\Desktop\3학년2학기\컴퓨터그래픽스실습\PJH_CG_HW\PJH_HW06_02\Debug\PJH_HW06_02.vcxprojResolveAssemblyReference.cache
C:\Users\JOO\Desktop\3학년2학기\컴퓨터그래픽스실습\PJH_CG_HW\PJH_HW06_02\Debug\PJH_HW06_02.write.1.tlog
C:\Users\JOO\Desktop\3학년2학기\컴퓨터그래픽스실습\PJH_CG_HW\PJH_HW06_02\Debug\PJH_HW06_02_manifest.rc
C:\USERS\JOO\DESKTOP\3학년2학기\컴퓨터그래픽스실습\PJH_CG_HW\PJH_HW06_02\DEBUG\PJH_NUM02.OBJ
C:\Users\JOO\Desktop\3학년2학기\컴퓨터그래픽스실습\PJH_CG_HW\PJH_HW06_02\Debug\rc.command.1.tlog
C:\Users\JOO\Desktop\3학년2학기\컴퓨터그래픽스실습\PJH_CG_HW\PJH_HW06_02\Debug\rc.read.1.tlog
C:\Users\JOO\Desktop\3학년2학기\컴퓨터그래픽스실습\PJH_CG_HW\PJH_HW06_02\Debug\rc.write.1.tlog
C:\Users\JOO\Desktop\3학년2학기\컴퓨터그래픽스실습\PJH_CG_HW\PJH_HW06_02\Debug\vc100.idb
C:\USERS\JOO\DESKTOP\3학년2학기\컴퓨터그래픽스실습\PJH_CG_HW\PJH_HW06_02\DEBUG\VC100.PDB
